[35m[Appium][39m Welcome to Appium v1.19.0
[35m[Appium][39m Non-default server args:
[35m[Appium][39m   port: 51649
[35m[Appium][39m   loglevel: info
[35m[Appium][39m   tmpDir: /var/folders/13/96gt_cyj25z9c9_qtr9tfrrm0000gn/T//Katalon/Appium/Temp1605677058350
[35m[Appium][39m   chromedriverPort: 51650
[35m[Appium][39m Deprecated server args:
[35m[Appium][39m   [31m--chromedriver-port[39m => --default-capabilities
[35m[Appium][39m Default capabilities, which will be added to each request unless overridden by desired capabilities:
[35m[Appium][39m   chromedriverPort: 51650
[35m[Appium][39m Appium REST http interface listener started on 0.0.0.0:51649
[35m[HTTP][39m [37m-->[39m [37mGET[39m [37m/wd/hub/status[39m
[35m[HTTP][39m [90m{}[39m
[35m[HTTP][39m [37m<-- GET /wd/hub/status [39m[32m200[39m [90m11 ms - 68[39m
[35m[HTTP][39m [90m[39m
[35m[HTTP][39m [37m-->[39m [37mGET[39m [37m/wd/hub/status[39m
[35m[HTTP][39m [90m{}[39m
[35m[HTTP][39m [37m<-- GET /wd/hub/status [39m[32m200[39m [90m1 ms - 68[39m
[35m[HTTP][39m [90m[39m
[35m[HTTP][39m [37m-->[39m [37mPOST[39m [37m/wd/hub/session[39m
[35m[HTTP][39m [90m{"desiredCapabilities":{"app":"/Users/gagasjulio/Downloads/AyoRetailer-QA-2020-11-17-pentest-tsm.apk","noReset":true,"deviceName":"OPPO RMX1811 (Android 9)","fullReset":false,"platform":"ANDROID","newCommandTimeout":1800,"platformVersion":"9","automationName":"uiautomator2","autoGrantPermissions":true,"platformName":"Android","udid":"357723fe","systemPort":51662},"capabilities":{"firstMatch":[{"appium:app":"/Users/gagasjulio/Downloads/AyoRetailer-QA-2020-11-17-pentest-tsm.apk","appium:autoGrantPermissions":true,"appium:automationName":"uiautomator2","appium:deviceName":"OPPO RMX1811 (Android 9)","appium:fullReset":false,"appium:newCommandTimeout":1800,"appium:noReset":true,"platform":"ANDROID","platformName":"android","appium:platformVersion":"9","appium:systemPort":51662,"appium:udid":"357723fe"}]}}[39m
[35m[BaseDriver][39m The following capabilities are not standard capabilities and should have an extension prefix:
[35m[BaseDriver][39m   platform
[35m[BaseDriver][39m   chromedriverPort
[35m[Appium][39m Appium v1.19.0 creating new AndroidUiautomator2Driver (v1.59.0) session
[35m[BaseDriver][39m The following capabilities were provided, but are not recognized by Appium:
[35m[BaseDriver][39m   platform
[35m[BaseDriver][39m Session created with session id: 8708cf87-4162-45cb-8b54-e95ada2f4581
[35m[BaseDriver][39m Using local app '/Users/gagasjulio/Downloads/AyoRetailer-QA-2020-11-17-pentest-tsm.apk'
[35m[ADB][39m Found 1 'build-tools' folders under '/Users/gagasjulio/.katalon/tools/android_sdk' (newest first):
[35m[ADB][39m     /Users/gagasjulio/.katalon/tools/android_sdk/build-tools/29.0.3
[35m[ADB][39m Using 'adb' from '/Users/gagasjulio/.katalon/tools/android_sdk/platform-tools/adb'
[35m[AndroidDriver][39m Retrieving device list
[35m[AndroidDriver][39m Using device: 357723fe
[35m[ADB][39m Using 'adb' from '/Users/gagasjulio/.katalon/tools/android_sdk/platform-tools/adb'
[35m[ADB][39m Getting device platform version
[35m[UiAutomator2][39m Relaxing hidden api policy
[35m[ADB][39m Package name: 'com.pmi.limited.pmiappm05728.qa'
[35m[ADB][39m Main activity name: 'com.pmi.limited.pmiappm05728.qa.MainActivity'
[35m[ADB][39m The application at '/usr/local/lib/node_modules/appium/node_modules/io.appium.settings/apks/settings_apk-debug.apk' will not be cached, because the device under test has confirmed the support of streamed installs
[35m[ADB][39m The installation of 'settings_apk-debug.apk' took 3228ms
[35m[ADB][39m Using 'apksigner.jar' from '/Users/gagasjulio/.katalon/tools/android_sdk/build-tools/29.0.3/lib/apksigner.jar'
[35m[ADB][39m '/usr/local/lib/node_modules/appium/node_modules/appium-uiautomator2-server/apks/appium-uiautomator2-server-v4.15.0.apk' is signed with the default certificate
[35m[ADB][39m '/usr/local/lib/node_modules/appium/node_modules/appium-uiautomator2-server/apks/appium-uiautomator2-server-debug-androidTest.apk' is signed with the default certificate
[35m[UiAutomator2][39m Server packages are going to be (re)installed
[35m[UiAutomator2][39m Full packages reinstall is going to be performed
[35m[ADB][39m io.appium.uiautomator2.server was successfully uninstalled
[35m[ADB][39m The application at '/usr/local/lib/node_modules/appium/node_modules/appium-uiautomator2-server/apks/appium-uiautomator2-server-v4.15.0.apk' will not be cached, because the device under test has confirmed the support of streamed installs
[35m[ADB][39m The installation of 'appium-uiautomator2-server-v4.15.0.apk' took 8695ms
[35m[ADB][39m io.appium.uiautomator2.server.test was successfully uninstalled
[35m[ADB][39m The application at '/usr/local/lib/node_modules/appium/node_modules/appium-uiautomator2-server/apks/appium-uiautomator2-server-debug-androidTest.apk' will not be cached, because the device under test has confirmed the support of streamed installs
[35m[ADB][39m The installation of 'appium-uiautomator2-server-debug-androidTest.apk' took 3302ms
[35m[ADB][39m '/Users/gagasjulio/Downloads/AyoRetailer-QA-2020-11-17-pentest-tsm.apk' is signed with a non-default certificate
[35m[UiAutomator2][39m Starting UIAutomator2 server 4.15.0
[35m[UiAutomator2][39m Using UIAutomator2 server from '/usr/local/lib/node_modules/appium/node_modules/appium-uiautomator2-server/apks/appium-uiautomator2-server-v4.15.0.apk' and test from '/usr/local/lib/node_modules/appium/node_modules/appium-uiautomator2-server/apks/appium-uiautomator2-server-debug-androidTest.apk'
[35m[UiAutomator2][39m Waiting up to 30000ms for UiAutomator2 to be online...
[35m[WD Proxy][39m socket hang up
[35m[WD Proxy][39m socket hang up
[35m[WD Proxy][39m socket hang up
[35m[WD Proxy][39m socket hang up
[35m[WD Proxy][39m socket hang up
[35m[WD Proxy][39m socket hang up
[35m[WD Proxy][39m socket hang up
[35m[WD Proxy][39m socket hang up
[35m[WD Proxy][39m socket hang up
[35m[WD Proxy][39m socket hang up
[35m[WD Proxy][39m Determined the downstream protocol as 'W3C'
[35m[AndroidDriver][39m Screen already unlocked, doing nothing
[35m[UiAutomator2][39m Starting 'com.pmi.limited.pmiappm05728.qa/com.pmi.limited.pmiappm05728.qa.MainActivity and waiting for 'com.pmi.limited.pmiappm05728.qa/com.pmi.limited.pmiappm05728.qa.MainActivity'
[35m[Appium][39m New AndroidUiautomator2Driver session created successfully, session 8708cf87-4162-45cb-8b54-e95ada2f4581 added to master session list
[35m[HTTP][39m [37m<-- POST /wd/hub/session [39m[32m200[39m [90m44879 ms - 1278[39m
[35m[HTTP][39m [90m[39m
[35m[HTTP][39m [37m-->[39m [37mGET[39m [37m/wd/hub/session/8708cf87-4162-45cb-8b54-e95ada2f4581[39m
[35m[HTTP][39m [90m{}[39m
[35m[HTTP][39m [37m<-- GET /wd/hub/session/8708cf87-4162-45cb-8b54-e95ada2f4581 [39m[32m200[39m [90m25 ms - 1232[39m
[35m[HTTP][39m [90m[39m
[35m[HTTP][39m [37m-->[39m [37mGET[39m [37m/wd/hub/session/8708cf87-4162-45cb-8b54-e95ada2f4581[39m
[35m[HTTP][39m [90m{}[39m
[35m[HTTP][39m [37m<-- GET /wd/hub/session/8708cf87-4162-45cb-8b54-e95ada2f4581 [39m[32m200[39m [90m24 ms - 1232[39m
[35m[HTTP][39m [90m[39m
[35m[HTTP][39m [37m-->[39m [37mGET[39m [37m/wd/hub/status[39m
[35m[HTTP][39m [90m{}[39m
[35m[HTTP][39m [37m<-- GET /wd/hub/status [39m[32m200[39m [90m1 ms - 68[39m
[35m[HTTP][39m [90m[39m
[35m[HTTP][39m [37m-->[39m [37mPOST[39m [37m/wd/hub/session/8708cf87-4162-45cb-8b54-e95ada2f4581/timeouts[39m
[35m[HTTP][39m [90m{"implicit":60000}[39m
[35m[HTTP][39m [37m<-- POST /wd/hub/session/8708cf87-4162-45cb-8b54-e95ada2f4581/timeouts [39m[32m200[39m [90m2 ms - 14[39m
[35m[HTTP][39m [90m[39m
[35m[HTTP][39m [37m-->[39m [37mGET[39m [37m/wd/hub/session/8708cf87-4162-45cb-8b54-e95ada2f4581/source[39m
[35m[HTTP][39m [90m{}[39m
[35m[W3C (8708cf87)][39m Driver proxy active, passing request on via HTTP proxy
[35m[WD Proxy][39m Replacing sessionId bcef44ea-79d6-467f-82fc-8fadec1efa79 with 8708cf87-4162-45cb-8b54-e95ada2f4581
[35m[HTTP][39m [37m<-- GET /wd/hub/session/8708cf87-4162-45cb-8b54-e95ada2f4581/source [39m[32m200[39m [90m916 ms - 1912[39m
[35m[HTTP][39m [90m[39m
[35m[HTTP][39m [37m-->[39m [37mGET[39m [37m/wd/hub/session/8708cf87-4162-45cb-8b54-e95ada2f4581/screenshot[39m
[35m[HTTP][39m [90m{}[39m
[35m[HTTP][39m [37m<-- GET /wd/hub/session/8708cf87-4162-45cb-8b54-e95ada2f4581/screenshot [39m[32m200[39m [90m1337 ms - 44170[39m
[35m[HTTP][39m [90m[39m
[35m[HTTP][39m [37m-->[39m [37mGET[39m [37m/wd/hub/session/8708cf87-4162-45cb-8b54-e95ada2f4581/source[39m
[35m[HTTP][39m [90m{}[39m
[35m[W3C (8708cf87)][39m Driver proxy active, passing request on via HTTP proxy
[35m[WD Proxy][39m Replacing sessionId bcef44ea-79d6-467f-82fc-8fadec1efa79 with 8708cf87-4162-45cb-8b54-e95ada2f4581
[35m[HTTP][39m [37m<-- GET /wd/hub/session/8708cf87-4162-45cb-8b54-e95ada2f4581/source [39m[32m200[39m [90m806 ms - 9643[39m
[35m[HTTP][39m [90m[39m
[35m[HTTP][39m [37m-->[39m [37mGET[39m [37m/wd/hub/session/8708cf87-4162-45cb-8b54-e95ada2f4581/screenshot[39m
[35m[HTTP][39m [90m{}[39m
[35m[HTTP][39m [37m<-- GET /wd/hub/session/8708cf87-4162-45cb-8b54-e95ada2f4581/screenshot [39m[32m200[39m [90m785 ms - 252044[39m
[35m[HTTP][39m [90m[39m
[35m[HTTP][39m [37m-->[39m [37mDELETE[39m [37m/wd/hub/session/8708cf87-4162-45cb-8b54-e95ada2f4581[39m
[35m[HTTP][39m [90m{}[39m
[35m[Appium][39m Removing session 8708cf87-4162-45cb-8b54-e95ada2f4581 from our master session list
[35m[UiAutomator2][39m Restoring hidden api policy to the device default configuration
[35m[HTTP][39m [37m<-- DELETE /wd/hub/session/8708cf87-4162-45cb-8b54-e95ada2f4581 [39m[32m200[39m [90m476 ms - 14[39m
[35m[HTTP][39m [90m[39m
